
Start-Date: 2026-04-21  02:05:17
Commandline: apt-get install --reinstall apt
Reinstall: apt:amd64 (3.2.0)
End-Date: 2026-04-21  02:05:18

Start-Date: 2026-04-21  02:05:18
Commandline: apt-get install --reinstall base-files
Reinstall: base-files:amd64 (14ubuntu6)
End-Date: 2026-04-21  02:05:19

Start-Date: 2026-04-21  02:05:19
Commandline: apt-get install --reinstall base-passwd
Reinstall: base-passwd:amd64 (3.6.8)
End-Date: 2026-04-21  02:05:19

Start-Date: 2026-04-21  02:05:19
Commandline: apt-get install --reinstall bash
Reinstall: bash:amd64 (5.3-2ubuntu1)
End-Date: 2026-04-21  02:05:20

Start-Date: 2026-04-21  02:05:20
Commandline: apt-get install --reinstall bsdutils
Reinstall: bsdutils:amd64 (1:2.41.3-3ubuntu2)
End-Date: 2026-04-21  02:05:21

Start-Date: 2026-04-21  02:05:21
Commandline: apt-get install --reinstall coreutils
Reinstall: coreutils:amd64 (9.5-1ubuntu2+0.0.0~ubuntu25)
End-Date: 2026-04-21  02:05:21

Start-Date: 2026-04-21  02:05:21
Commandline: apt-get install --reinstall coreutils-from-uutils
Reinstall: coreutils-from-uutils:amd64 (0.0.0~ubuntu25)
End-Date: 2026-04-21  02:05:21

Start-Date: 2026-04-21  02:05:21
Commandline: apt-get install --reinstall dash
Reinstall: dash:amd64 (0.5.12-12ubuntu3)
End-Date: 2026-04-21  02:05:22

Start-Date: 2026-04-21  02:05:22
Commandline: apt-get install --reinstall debconf
Reinstall: debconf:amd64 (1.5.92)
End-Date: 2026-04-21  02:05:22

Start-Date: 2026-04-21  02:05:23
Commandline: apt-get install --reinstall debianutils
Reinstall: debianutils:amd64 (5.23.2build1)
End-Date: 2026-04-21  02:05:23

Start-Date: 2026-04-21  02:05:23
Commandline: apt-get install --reinstall diffutils
Reinstall: diffutils:amd64 (1:3.12-1)
End-Date: 2026-04-21  02:05:23

Start-Date: 2026-04-21  02:05:24
Commandline: apt-get install --reinstall dpkg
Reinstall: dpkg:amd64 (1.23.7ubuntu1)
End-Date: 2026-04-21  02:05:24

Start-Date: 2026-04-21  02:05:24
Commandline: apt-get install --reinstall e2fsprogs
Reinstall: e2fsprogs:amd64 (1.47.2-3ubuntu4)
End-Date: 2026-04-21  02:05:25

Start-Date: 2026-04-21  02:05:25
Commandline: apt-get install --reinstall findutils
Reinstall: findutils:amd64 (4.10.0-3build2)
End-Date: 2026-04-21  02:05:25

Start-Date: 2026-04-21  02:05:25
Commandline: apt-get install --reinstall gcc-16-base:amd64
Reinstall: gcc-16-base:amd64 (16-20260322-1ubuntu1)
End-Date: 2026-04-21  02:05:25

Start-Date: 2026-04-21  02:05:26
Commandline: apt-get install --reinstall gnu-coreutils
Reinstall: gnu-coreutils:amd64 (9.7-3ubuntu2)
End-Date: 2026-04-21  02:05:26

Start-Date: 2026-04-21  02:05:26
Commandline: apt-get install --reinstall gpgv
Reinstall: gpgv:amd64 (2.4.8-4ubuntu3)
End-Date: 2026-04-21  02:05:26

Start-Date: 2026-04-21  02:05:26
Commandline: apt-get install --reinstall grep
Reinstall: grep:amd64 (3.12-1)
End-Date: 2026-04-21  02:05:27

Start-Date: 2026-04-21  02:05:27
Commandline: apt-get install --reinstall gzip
Reinstall: gzip:amd64 (1.14-1~exp2ubuntu1)
End-Date: 2026-04-21  02:05:27

Start-Date: 2026-04-21  02:05:27
Commandline: apt-get install --reinstall hostname
Reinstall: hostname:amd64 (3.25build1)
End-Date: 2026-04-21  02:05:27

Start-Date: 2026-04-21  02:05:28
Commandline: apt-get install --reinstall init-system-helpers
Reinstall: init-system-helpers:amd64 (1.69)
End-Date: 2026-04-21  02:05:28

Start-Date: 2026-04-21  02:05:28
Commandline: apt-get install --reinstall libacl1:amd64
Reinstall: libacl1:amd64 (2.3.2-2)
End-Date: 2026-04-21  02:05:28

Start-Date: 2026-04-21  02:05:28
Commandline: apt-get install --reinstall libapt-pkg7.0:amd64
Reinstall: libapt-pkg7.0:amd64 (3.2.0)
End-Date: 2026-04-21  02:05:28

Start-Date: 2026-04-21  02:05:29
Commandline: apt-get install --reinstall libattr1:amd64
Reinstall: libattr1:amd64 (1:2.5.2-4)
End-Date: 2026-04-21  02:05:29

Start-Date: 2026-04-21  02:05:29
Commandline: apt-get install --reinstall libaudit-common
Reinstall: libaudit-common:amd64 (1:4.1.2-1build1)
End-Date: 2026-04-21  02:05:29

Start-Date: 2026-04-21  02:05:29
Commandline: apt-get install --reinstall libaudit1:amd64
Reinstall: libaudit1:amd64 (1:4.1.2-1build1)
End-Date: 2026-04-21  02:05:29

Start-Date: 2026-04-21  02:05:30
Commandline: apt-get install --reinstall libblkid1:amd64
Reinstall: libblkid1:amd64 (2.41.3-3ubuntu2)
End-Date: 2026-04-21  02:05:30

Start-Date: 2026-04-21  02:05:30
Commandline: apt-get install --reinstall libbsd0:amd64
Reinstall: libbsd0:amd64 (0.12.2-2build2)
End-Date: 2026-04-21  02:05:30

Start-Date: 2026-04-21  02:05:30
Commandline: apt-get install --reinstall libbz2-1.0:amd64
Reinstall: libbz2-1.0:amd64 (1.0.8-6build2)
End-Date: 2026-04-21  02:05:30

Start-Date: 2026-04-21  02:05:31
Commandline: apt-get install --reinstall libc-bin
Reinstall: libc-bin:amd64 (2.43-2ubuntu2)
End-Date: 2026-04-21  02:05:31

Start-Date: 2026-04-21  02:05:31
Commandline: apt-get install --reinstall libc-gconv-modules-extra:amd64
Reinstall: libc-gconv-modules-extra:amd64 (2.43-2ubuntu2)
End-Date: 2026-04-21  02:05:31

Start-Date: 2026-04-21  02:05:32
Commandline: apt-get install --reinstall libc6:amd64
Reinstall: libc6:amd64 (2.43-2ubuntu2)
End-Date: 2026-04-21  02:05:32

Start-Date: 2026-04-21  02:05:32
Commandline: apt-get install --reinstall libcap-ng0:amd64
Reinstall: libcap-ng0:amd64 (0.8.5-4build5)
End-Date: 2026-04-21  02:05:33

Start-Date: 2026-04-21  02:05:33
Commandline: apt-get install --reinstall libcom-err2:amd64
Reinstall: libcom-err2:amd64 (1.47.2-3ubuntu4)
End-Date: 2026-04-21  02:05:33

Start-Date: 2026-04-21  02:05:33
Commandline: apt-get install --reinstall libcrypt1:amd64
Reinstall: libcrypt1:amd64 (1:4.5.1-1)
End-Date: 2026-04-21  02:05:33

Start-Date: 2026-04-21  02:05:34
Commandline: apt-get install --reinstall libdb5.3t64:amd64
Reinstall: libdb5.3t64:amd64 (5.3.28+dfsg2-10ubuntu1)
End-Date: 2026-04-21  02:05:34

Start-Date: 2026-04-21  02:05:34
Commandline: apt-get install --reinstall libdebconfclient0:amd64
Reinstall: libdebconfclient0:amd64 (0.280ubuntu1)
End-Date: 2026-04-21  02:05:34

Start-Date: 2026-04-21  02:05:35
Commandline: apt-get install --reinstall libext2fs2t64:amd64
Reinstall: libext2fs2t64:amd64 (1.47.2-3ubuntu4)
End-Date: 2026-04-21  02:05:35

Start-Date: 2026-04-21  02:05:35
Commandline: apt-get install --reinstall libgcc-s1:amd64
Reinstall: libgcc-s1:amd64 (16-20260322-1ubuntu1)
End-Date: 2026-04-21  02:05:35

Start-Date: 2026-04-21  02:05:35
Commandline: apt-get install --reinstall libgcrypt20:amd64
Reinstall: libgcrypt20:amd64 (1.12.0-2)
End-Date: 2026-04-21  02:05:35

Start-Date: 2026-04-21  02:05:36
Commandline: apt-get install --reinstall libgmp10:amd64
Reinstall: libgmp10:amd64 (2:6.3.0+dfsg-5ubuntu2)
End-Date: 2026-04-21  02:05:36

Start-Date: 2026-04-21  02:05:36
Commandline: apt-get install --reinstall libgpg-error0:amd64
Reinstall: libgpg-error0:amd64 (1.58-2)
End-Date: 2026-04-21  02:05:36

Start-Date: 2026-04-21  02:05:36
Commandline: apt-get install --reinstall liblz4-1:amd64
Reinstall: liblz4-1:amd64 (1.10.0-8)
End-Date: 2026-04-21  02:05:37

Start-Date: 2026-04-21  02:05:37
Commandline: apt-get install --reinstall liblzma5:amd64
Reinstall: liblzma5:amd64 (5.8.3-1)
End-Date: 2026-04-21  02:05:37

Start-Date: 2026-04-21  02:05:37
Commandline: apt-get install --reinstall libmd0:amd64
Reinstall: libmd0:amd64 (1.1.0-2build4)
End-Date: 2026-04-21  02:05:37

Start-Date: 2026-04-21  02:05:38
Commandline: apt-get install --reinstall libmount1:amd64
Reinstall: libmount1:amd64 (2.41.3-3ubuntu2)
End-Date: 2026-04-21  02:05:38

Start-Date: 2026-04-21  02:05:38
Commandline: apt-get install --reinstall libncursesw6:amd64
Reinstall: libncursesw6:amd64 (6.6+20251231-1)
End-Date: 2026-04-21  02:05:38

Start-Date: 2026-04-21  02:05:38
Commandline: apt-get install --reinstall libpam-modules:amd64
Reinstall: libpam-modules:amd64 (1.7.0-5ubuntu3)
End-Date: 2026-04-21  02:05:39

Start-Date: 2026-04-21  02:05:39
Commandline: apt-get install --reinstall libpam-modules-bin
Reinstall: libpam-modules-bin:amd64 (1.7.0-5ubuntu3)
End-Date: 2026-04-21  02:05:39

Start-Date: 2026-04-21  02:05:39
Commandline: apt-get install --reinstall libpam-runtime
Reinstall: libpam-runtime:amd64 (1.7.0-5ubuntu3)
End-Date: 2026-04-21  02:05:40

Start-Date: 2026-04-21  02:05:40
Commandline: apt-get install --reinstall libpam0g:amd64
Reinstall: libpam0g:amd64 (1.7.0-5ubuntu3)
End-Date: 2026-04-21  02:05:40

Start-Date: 2026-04-21  02:05:40
Commandline: apt-get install --reinstall libpcre2-8-0:amd64
Reinstall: libpcre2-8-0:amd64 (10.46-1build1)
End-Date: 2026-04-21  02:05:41

Start-Date: 2026-04-21  02:05:41
Commandline: apt-get install --reinstall libproc2-0:amd64
Reinstall: libproc2-0:amd64 (2:4.0.4-9ubuntu1)
End-Date: 2026-04-21  02:05:41

Start-Date: 2026-04-21  02:05:41
Commandline: apt-get install --reinstall libseccomp2:amd64
Reinstall: libseccomp2:amd64 (2.6.0-2ubuntu5)
End-Date: 2026-04-21  02:05:41

Start-Date: 2026-04-21  02:05:42
Commandline: apt-get install --reinstall libselinux1:amd64
Reinstall: libselinux1:amd64 (3.9-4build1)
End-Date: 2026-04-21  02:05:42

Start-Date: 2026-04-21  02:05:42
Commandline: apt-get install --reinstall libsemanage-common
Reinstall: libsemanage-common:amd64 (3.9-1build1)
End-Date: 2026-04-21  02:05:42

Start-Date: 2026-04-21  02:05:42
Commandline: apt-get install --reinstall libsemanage2:amd64
Reinstall: libsemanage2:amd64 (3.9-1build1)
End-Date: 2026-04-21  02:05:42

Start-Date: 2026-04-21  02:05:43
Commandline: apt-get install --reinstall libsepol2:amd64
Reinstall: libsepol2:amd64 (3.9-2)
End-Date: 2026-04-21  02:05:43

Start-Date: 2026-04-21  02:05:43
Commandline: apt-get install --reinstall libsmartcols1:amd64
Reinstall: libsmartcols1:amd64 (2.41.3-3ubuntu2)
End-Date: 2026-04-21  02:05:43

Start-Date: 2026-04-21  02:05:43
Commandline: apt-get install --reinstall libss2:amd64
Reinstall: libss2:amd64 (1.47.2-3ubuntu4)
End-Date: 2026-04-21  02:05:44

Start-Date: 2026-04-21  02:05:44
Commandline: apt-get install --reinstall libssl3t64:amd64
Reinstall: libssl3t64:amd64 (3.5.5-1ubuntu3)
End-Date: 2026-04-21  02:05:44

Start-Date: 2026-04-21  02:05:44
Commandline: apt-get install --reinstall libstdc++6:amd64
Reinstall: libstdc++6:amd64 (16-20260322-1ubuntu1)
End-Date: 2026-04-21  02:05:45

Start-Date: 2026-04-21  02:05:45
Commandline: apt-get install --reinstall libsystemd0:amd64
Reinstall: libsystemd0:amd64 (259.5-0ubuntu3)
End-Date: 2026-04-21  02:05:45

Start-Date: 2026-04-21  02:05:45
Commandline: apt-get install --reinstall libtinfo6:amd64
Reinstall: libtinfo6:amd64 (6.6+20251231-1)
End-Date: 2026-04-21  02:05:45

Start-Date: 2026-04-21  02:05:46
Commandline: apt-get install --reinstall libudev1:amd64
Reinstall: libudev1:amd64 (259.5-0ubuntu3)
End-Date: 2026-04-21  02:05:46

Start-Date: 2026-04-21  02:05:46
Commandline: apt-get install --reinstall libuuid1:amd64
Reinstall: libuuid1:amd64 (2.41.3-3ubuntu2)
End-Date: 2026-04-21  02:05:46

Start-Date: 2026-04-21  02:05:46
Commandline: apt-get install --reinstall libxxhash0:amd64
Reinstall: libxxhash0:amd64 (0.8.3-2build1)
End-Date: 2026-04-21  02:05:46

Start-Date: 2026-04-21  02:05:47
Commandline: apt-get install --reinstall libzstd1:amd64
Reinstall: libzstd1:amd64 (1.5.7+dfsg-3)
End-Date: 2026-04-21  02:05:47

Start-Date: 2026-04-21  02:05:47
Commandline: apt-get install --reinstall login
Reinstall: login:amd64 (1:4.16.0-2+really2.41.3-3ubuntu2)
End-Date: 2026-04-21  02:05:47

Start-Date: 2026-04-21  02:05:47
Commandline: apt-get install --reinstall login.defs
Reinstall: login.defs:amd64 (1:4.17.4-2ubuntu3)
End-Date: 2026-04-21  02:05:48

Start-Date: 2026-04-21  02:05:48
Commandline: apt-get install --reinstall logsave
Reinstall: logsave:amd64 (1.47.2-3ubuntu4)
End-Date: 2026-04-21  02:05:48

Start-Date: 2026-04-21  02:05:48
Commandline: apt-get install --reinstall mawk
Reinstall: mawk:amd64 (1.3.4.20260129-1)
End-Date: 2026-04-21  02:05:48

Start-Date: 2026-04-21  02:05:48
Commandline: apt-get install --reinstall mount
Reinstall: mount:amd64 (2.41.3-3ubuntu2)
End-Date: 2026-04-21  02:05:48

Start-Date: 2026-04-21  02:05:49
Commandline: apt-get install --reinstall ncurses-base
Reinstall: ncurses-base:amd64 (6.6+20251231-1)
End-Date: 2026-04-21  02:05:49

Start-Date: 2026-04-21  02:05:49
Commandline: apt-get install --reinstall ncurses-bin
Reinstall: ncurses-bin:amd64 (6.6+20251231-1)
End-Date: 2026-04-21  02:05:49

Start-Date: 2026-04-21  02:05:49
Commandline: apt-get install --reinstall openssl-provider-legacy
Reinstall: openssl-provider-legacy:amd64 (3.5.5-1ubuntu3)
End-Date: 2026-04-21  02:05:49

Start-Date: 2026-04-21  02:05:50
Commandline: apt-get install --reinstall passwd
Reinstall: passwd:amd64 (1:4.17.4-2ubuntu3)
End-Date: 2026-04-21  02:05:50

Start-Date: 2026-04-21  02:05:50
Commandline: apt-get install --reinstall perl-base
Reinstall: perl-base:amd64 (5.40.1-7build1)
End-Date: 2026-04-21  02:05:51

Start-Date: 2026-04-21  02:05:51
Commandline: apt-get install --reinstall procps
Reinstall: procps:amd64 (2:4.0.4-9ubuntu1)
End-Date: 2026-04-21  02:05:52

Start-Date: 2026-04-21  02:05:52
Commandline: apt-get install --reinstall rust-coreutils
Reinstall: rust-coreutils:amd64 (0.8.0-0ubuntu3)
End-Date: 2026-04-21  02:05:53

Start-Date: 2026-04-21  02:05:53
Commandline: apt-get install --reinstall sed
Reinstall: sed:amd64 (4.9-2build3)
End-Date: 2026-04-21  02:05:53

Start-Date: 2026-04-21  02:05:54
Commandline: apt-get install --reinstall sensible-utils
Reinstall: sensible-utils:amd64 (0.0.26build1)
End-Date: 2026-04-21  02:05:54

Start-Date: 2026-04-21  02:05:54
Commandline: apt-get install --reinstall sysvinit-utils
Reinstall: sysvinit-utils:amd64 (3.15-5ubuntu1)
End-Date: 2026-04-21  02:05:54

Start-Date: 2026-04-21  02:05:54
Commandline: apt-get install --reinstall tar
Reinstall: tar:amd64 (1.35+dfsg-4)
End-Date: 2026-04-21  02:05:54

Start-Date: 2026-04-21  02:05:55
Commandline: apt-get install --reinstall ubuntu-keyring
Reinstall: ubuntu-keyring:amd64 (2023.11.28.1build1)
End-Date: 2026-04-21  02:05:55

Start-Date: 2026-04-21  02:05:55
Commandline: apt-get install --reinstall util-linux
Reinstall: util-linux:amd64 (2.41.3-3ubuntu2)
End-Date: 2026-04-21  02:05:55

Start-Date: 2026-04-21  02:05:56
Commandline: apt-get install --reinstall zlib1g:amd64
Reinstall: zlib1g:amd64 (1:1.3.dfsg+really1.3.1-1ubuntu3)
End-Date: 2026-04-21  02:05:56
